#! /opt/homebrew/Cellar/icarus-verilog/11.0/bin/vvp
:ivl_version "11.0 (stable)";
:ivl_delay_selection "TYPICAL";
:vpi_time_precision - 11;
:vpi_module "/opt/homebrew/Cellar/icarus-verilog/11.0/lib/ivl/system.vpi";
:vpi_module "/opt/homebrew/Cellar/icarus-verilog/11.0/lib/ivl/vhdl_sys.vpi";
:vpi_module "/opt/homebrew/Cellar/icarus-verilog/11.0/lib/ivl/vhdl_textio.vpi";
:vpi_module "/opt/homebrew/Cellar/icarus-verilog/11.0/lib/ivl/v2005_math.vpi";
:vpi_module "/opt/homebrew/Cellar/icarus-verilog/11.0/lib/ivl/va_math.vpi";
:vpi_module "/opt/homebrew/Cellar/icarus-verilog/11.0/lib/ivl/v2009.vpi";
S_0x149949750 .scope package, "$unit" "$unit" 2 1;
 .timescale 0 0;
S_0x14994a3c0 .scope module, "test" "test" 3 2;
 .timescale -9 -11;
v0x149978100_0 .var "clk", 0 0;
v0x149978190_0 .var "rst", 0 0;
v0x1499782a0_0 .net "wd", 15 0, v0x149974660_0;  1 drivers
v0x149978330_0 .net "we", 0 0, v0x1499736c0_0;  1 drivers
S_0x149964af0 .scope module, "pu" "pu" 3 6, 4 2 0, S_0x14994a3c0;
 .timescale -9 -11;
    .port_info 0 /OUTPUT 1 "we";
    .port_info 1 /OUTPUT 16 "rwd";
    .port_info 2 /INPUT 1 "clk";
    .port_info 3 /INPUT 1 "rst";
L_0x1300400a0 .functor BUFT 1, C4<0000000000>, C4<0>, C4<0>, C4<0>;
v0x149976a80_0 .net/2u *"_ivl_0", 9 0, L_0x1300400a0;  1 drivers
v0x149976b40_0 .net "a", 15 0, L_0x149978540;  1 drivers
v0x149976be0_0 .net "ao", 15 0, v0x149971d90_0;  1 drivers
v0x149976cb0_0 .net "arad", 1 0, v0x149973340_0;  1 drivers
v0x149976d80_0 .net "b", 15 0, L_0x1499787b0;  1 drivers
v0x149976e50_0 .net "bo", 15 0, v0x1499752d0_0;  1 drivers
v0x149976f20_0 .net "brad", 1 0, v0x1499733d0_0;  1 drivers
v0x149976ff0_0 .net "ca", 0 0, v0x149971310_0;  1 drivers
v0x1499770c0_0 .net "clk", 0 0, v0x149978100_0;  1 drivers
v0x149977250_0 .net "dms", 0 0, v0x149972b70_0;  1 drivers
v0x1499772e0_0 .net "dmwe", 0 0, v0x149972c00_0;  1 drivers
v0x149977370_0 .net "dstb", 0 0, v0x149972c90_0;  1 drivers
v0x149977440_0 .net "h", 0 0, v0x149972e50_0;  1 drivers
v0x149977510_0 .net "iv", 7 0, v0x149972ef0_0;  1 drivers
v0x1499775e0_0 .net "liop", 1 0, v0x149972fa0_0;  1 drivers
v0x1499776b0_0 .net "lp", 15 0, L_0x149978980;  1 drivers
v0x149977780_0 .net "mrd", 15 0, L_0x149978d00;  1 drivers
v0x149977910_0 .net "o", 15 0, v0x149974a60_0;  1 drivers
v0x1499779a0_0 .net "op", 2 0, v0x149973160_0;  1 drivers
v0x149977a30_0 .net "pca", 5 0, v0x149975820_0;  1 drivers
v0x149977b00_0 .net "pcs", 0 0, v0x149973220_0;  1 drivers
v0x149977bd0_0 .net "pcwe", 0 0, v0x1499732b0_0;  1 drivers
v0x149977ca0_0 .net "rst", 0 0, v0x149978190_0;  1 drivers
v0x149977d30_0 .net "rwd", 15 0, v0x149974660_0;  alias, 1 drivers
v0x149977dc0_0 .net "sg", 0 0, v0x1499717f0_0;  1 drivers
v0x149977e90_0 .net "wad", 1 0, v0x149973520_0;  1 drivers
v0x149977f60_0 .net "we", 0 0, v0x1499736c0_0;  alias, 1 drivers
v0x149978030_0 .net "ze", 0 0, v0x149971880_0;  1 drivers
L_0x1499788a0 .concat [ 6 10 0 0], v0x149975820_0, L_0x1300400a0;
L_0x149978a20 .part v0x149974660_0, 0, 6;
L_0x149978db0 .part L_0x149978980, 0, 8;
S_0x14993b810 .scope module, "alu" "alu" 4 14, 5 3 0, S_0x149964af0;
 .timescale -9 -11;
    .port_info 0 /INPUT 16 "a";
    .port_info 1 /INPUT 16 "b";
    .port_info 2 /INPUT 3 "op";
    .port_info 3 /OUTPUT 16 "rr";
    .port_info 4 /INPUT 1 "dstb";
    .port_info 5 /OUTPUT 1 "ze";
    .port_info 6 /OUTPUT 1 "ca";
    .port_info 7 /OUTPUT 1 "sg";
    .port_info 8 /INPUT 1 "clk";
    .port_info 9 /INPUT 1 "rst";
P_0x14993a5b0 .param/l "ADD" 0 5 11, +C4<00000000000000000000000000000000>;
P_0x14993a5f0 .param/l "ASL" 0 5 11, +C4<00000000000000000000000000000011>;
P_0x14993a630 .param/l "NAD" 0 5 11, +C4<00000000000000000000000000000110>;
P_0x14993a670 .param/l "RSL" 0 5 11, +C4<00000000000000000000000000000100>;
P_0x14993a6b0 .param/l "RSR" 0 5 11, +C4<00000000000000000000000000000101>;
P_0x14993a6f0 .param/l "SUB" 0 5 11, +C4<00000000000000000000000000000001>;
P_0x14993a730 .param/l "THB" 0 5 11, +C4<00000000000000000000000000000010>;
P_0x14993a770 .param/l "XOR" 0 5 11, +C4<00000000000000000000000000000111>;
v0x149911e70_0 .net "a", 15 0, v0x149971d90_0;  alias, 1 drivers
v0x149971270_0 .net "b", 15 0, v0x1499752d0_0;  alias, 1 drivers
v0x149971310_0 .var "ca", 0 0;
v0x1499713a0_0 .net "clk", 0 0, v0x149978100_0;  alias, 1 drivers
v0x149971430_0 .net "dstb", 0 0, v0x149972c90_0;  alias, 1 drivers
v0x1499714d0_0 .net "op", 2 0, v0x149973160_0;  alias, 1 drivers
v0x149971580_0 .var "r", 16 0;
v0x149971630_0 .net "rr", 15 0, L_0x149978980;  alias, 1 drivers
v0x1499716e0_0 .net "rst", 0 0, v0x149978190_0;  alias, 1 drivers
v0x1499717f0_0 .var "sg", 0 0;
v0x149971880_0 .var "ze", 0 0;
E_0x149964c60 .event posedge, v0x1499716e0_0, v0x1499713a0_0;
E_0x14994a5e0 .event edge, v0x1499714d0_0, v0x149911e70_0, v0x149971270_0;
L_0x149978980 .part v0x149971580_0, 0, 16;
S_0x149971a10 .scope module, "asel" "sel" 4 12, 6 2 0, S_0x149964af0;
 .timescale -9 -11;
    .port_info 0 /INPUT 16 "a";
    .port_info 1 /INPUT 16 "b";
    .port_info 2 /INPUT 1 "s";
    .port_info 3 /OUTPUT 16 "o";
v0x149971c30_0 .net "a", 15 0, L_0x149978540;  alias, 1 drivers
v0x149971ce0_0 .net "b", 15 0, L_0x1499788a0;  1 drivers
v0x149971d90_0 .var "o", 15 0;
v0x149971e60_0 .net "s", 0 0, v0x149973220_0;  alias, 1 drivers
E_0x149971be0 .event edge, v0x149971e60_0, v0x149971ce0_0, v0x149971c30_0;
S_0x149971f50 .scope module, "dec" "dec" 4 17, 7 5 0, S_0x149964af0;
 .timescale -9 -11;
    .port_info 0 /INPUT 16 "o";
    .port_info 1 /OUTPUT 1 "h";
    .port_info 2 /OUTPUT 1 "we";
    .port_info 3 /OUTPUT 2 "wad";
    .port_info 4 /OUTPUT 3 "op";
    .port_info 5 /OUTPUT 2 "rb";
    .port_info 6 /OUTPUT 2 "ra";
    .port_info 7 /OUTPUT 2 "liop";
    .port_info 8 /OUTPUT 8 "iv";
    .port_info 9 /OUTPUT 1 "pcwe";
    .port_info 10 /OUTPUT 1 "dmwe";
    .port_info 11 /OUTPUT 1 "dms";
    .port_info 12 /OUTPUT 1 "pcs";
    .port_info 13 /OUTPUT 1 "dstb";
    .port_info 14 /INPUT 1 "ze";
    .port_info 15 /INPUT 1 "ca";
    .port_info 16 /INPUT 1 "sg";
P_0x13900ea00 .param/l "ADD" 0 7 43, +C4<00000000000000000000000000000000>;
P_0x13900ea40 .param/l "ASL" 0 7 43, +C4<00000000000000000000000000000011>;
P_0x13900ea80 .param/l "CA" 0 7 42, +C4<00000000000000000000000000000010>;
P_0x13900eac0 .param/l "IMM" 0 7 41, +C4<00000000000000000000000000000001>;
P_0x13900eb00 .param/l "LIH" 0 7 41, +C4<00000000000000000000000000000011>;
P_0x13900eb40 .param/l "LIL" 0 7 41, +C4<00000000000000000000000000000010>;
P_0x13900eb80 .param/l "NAD" 0 7 43, +C4<00000000000000000000000000000110>;
P_0x13900ebc0 .param/l "RSL" 0 7 43, +C4<00000000000000000000000000000100>;
P_0x13900ec00 .param/l "RSR" 0 7 43, +C4<00000000000000000000000000000101>;
P_0x13900ec40 .param/l "SG" 0 7 42, +C4<00000000000000000000000000000011>;
P_0x13900ec80 .param/l "SUB" 0 7 43, +C4<00000000000000000000000000000001>;
P_0x13900ecc0 .param/l "THB" 0 7 43, +C4<00000000000000000000000000000010>;
P_0x13900ed00 .param/l "THU" 0 7 41, +C4<00000000000000000000000000000000>;
P_0x13900ed40 .param/l "UC" 0 7 42, +C4<00000000000000000000000000000000>;
P_0x13900ed80 .param/l "XOR" 0 7 43, +C4<00000000000000000000000000000111>;
P_0x13900edc0 .param/l "ZE" 0 7 42, +C4<00000000000000000000000000000001>;
v0x149972ab0_0 .net "ca", 0 0, v0x149971310_0;  alias, 1 drivers
v0x149972b70_0 .var "dms", 0 0;
v0x149972c00_0 .var "dmwe", 0 0;
v0x149972c90_0 .var "dstb", 0 0;
v0x149972d20_0 .var "f1", 0 0;
v0x149972db0_0 .var "f2", 0 0;
v0x149972e50_0 .var "h", 0 0;
v0x149972ef0_0 .var "iv", 7 0;
v0x149972fa0_0 .var "liop", 1 0;
v0x1499730b0_0 .net "o", 15 0, v0x149974a60_0;  alias, 1 drivers
v0x149973160_0 .var "op", 2 0;
v0x149973220_0 .var "pcs", 0 0;
v0x1499732b0_0 .var "pcwe", 0 0;
v0x149973340_0 .var "ra", 1 0;
v0x1499733d0_0 .var "rb", 1 0;
v0x149973470_0 .net "sg", 0 0, v0x1499717f0_0;  alias, 1 drivers
v0x149973520_0 .var "wad", 1 0;
v0x1499736c0_0 .var "we", 0 0;
v0x149973760_0 .net "ze", 0 0, v0x149971880_0;  alias, 1 drivers
E_0x1499729c0/0 .event edge, v0x1499730b0_0, v0x149973520_0, v0x149971430_0, v0x1499714d0_0;
E_0x1499729c0/1 .event edge, v0x149973340_0, v0x1499733d0_0, v0x149972d20_0, v0x149971880_0;
E_0x1499729c0/2 .event edge, v0x149971310_0, v0x1499717f0_0, v0x1499736c0_0, v0x149972ef0_0;
E_0x1499729c0/3 .event edge, v0x149972db0_0, v0x149972fa0_0;
E_0x1499729c0 .event/or E_0x1499729c0/0, E_0x1499729c0/1, E_0x1499729c0/2, E_0x1499729c0/3;
E_0x149972a60 .event edge, v0x1499730b0_0, v0x149971880_0, v0x149971310_0, v0x1499717f0_0;
S_0x149973920 .scope module, "dmem" "dmem" 4 19, 8 2 0, S_0x149964af0;
 .timescale -9 -11;
    .port_info 0 /INPUT 8 "ad";
    .port_info 1 /INPUT 16 "wd";
    .port_info 2 /INPUT 1 "we";
    .port_info 3 /OUTPUT 16 "rd";
    .port_info 4 /INPUT 1 "clk";
L_0x149978d00 .functor BUFZ 16, L_0x149978b40, C4<0000000000000000>, C4<0000000000000000>, C4<0000000000000000>;
v0x149972790_0 .net *"_ivl_0", 15 0, L_0x149978b40;  1 drivers
v0x149973c10_0 .net *"_ivl_2", 9 0, L_0x149978be0;  1 drivers
L_0x1300400e8 .functor BUFT 1, C4<00>, C4<0>, C4<0>, C4<0>;
v0x149973cc0_0 .net *"_ivl_5", 1 0, L_0x1300400e8;  1 drivers
v0x149973d80_0 .net "ad", 7 0, L_0x149978db0;  1 drivers
v0x149973e30_0 .net "clk", 0 0, v0x149978100_0;  alias, 1 drivers
v0x149973f00 .array "dm", 0 255, 15 0;
v0x149973f90_0 .net "rd", 15 0, L_0x149978d00;  alias, 1 drivers
v0x149974040_0 .net "wd", 15 0, L_0x1499787b0;  alias, 1 drivers
v0x1499740f0_0 .net "we", 0 0, v0x149972c00_0;  alias, 1 drivers
E_0x149973b90 .event posedge, v0x1499713a0_0;
L_0x149978b40 .array/port v0x149973f00, L_0x149978be0;
L_0x149978be0 .concat [ 8 2 0 0], L_0x149978db0, L_0x1300400e8;
S_0x149974250 .scope module, "dsel" "sel" 4 20, 6 2 0, S_0x149964af0;
 .timescale -9 -11;
    .port_info 0 /INPUT 16 "a";
    .port_info 1 /INPUT 16 "b";
    .port_info 2 /INPUT 1 "s";
    .port_info 3 /OUTPUT 16 "o";
v0x1499744e0_0 .net "a", 15 0, L_0x149978980;  alias, 1 drivers
v0x1499745b0_0 .net "b", 15 0, L_0x149978d00;  alias, 1 drivers
v0x149974660_0 .var "o", 15 0;
v0x149974710_0 .net "s", 0 0, v0x149972b70_0;  alias, 1 drivers
E_0x149973ae0 .event edge, v0x149972b70_0, v0x149973f90_0, v0x149971630_0;
S_0x149974810 .scope module, "imem" "imem" 4 16, 9 2 0, S_0x149964af0;
 .timescale -9 -11;
    .port_info 0 /INPUT 6 "pc";
    .port_info 1 /OUTPUT 16 "o";
v0x149974a60_0 .var "o", 15 0;
v0x149974b10_0 .net "pc", 5 0, v0x149975820_0;  alias, 1 drivers
E_0x149974a10 .event edge, v0x149974b10_0;
S_0x149974be0 .scope module, "lidx" "lidx" 4 13, 10 2 0, S_0x149964af0;
 .timescale -9 -11;
    .port_info 0 /INPUT 16 "i";
    .port_info 1 /INPUT 8 "iv";
    .port_info 2 /INPUT 2 "op";
    .port_info 3 /OUTPUT 16 "o";
P_0x149974da0 .param/l "IMM" 0 10 4, +C4<00000000000000000000000000000001>;
P_0x149974de0 .param/l "LIH" 0 10 4, +C4<00000000000000000000000000000011>;
P_0x149974e20 .param/l "LIL" 0 10 4, +C4<00000000000000000000000000000010>;
P_0x149974e60 .param/l "THU" 0 10 4, +C4<00000000000000000000000000000000>;
v0x149975170_0 .net "i", 15 0, L_0x1499787b0;  alias, 1 drivers
v0x149975240_0 .net "iv", 7 0, v0x149972ef0_0;  alias, 1 drivers
v0x1499752d0_0 .var "o", 15 0;
v0x149975360_0 .net "op", 1 0, v0x149972fa0_0;  alias, 1 drivers
E_0x149975120 .event edge, v0x149972fa0_0, v0x149974040_0, v0x149972ef0_0;
S_0x149975430 .scope module, "pc" "pc" 4 15, 11 3 0, S_0x149964af0;
 .timescale -9 -11;
    .port_info 0 /INPUT 1 "halt";
    .port_info 1 /OUTPUT 6 "pc";
    .port_info 2 /INPUT 1 "we";
    .port_info 3 /INPUT 6 "rwd";
    .port_info 4 /INPUT 1 "clk";
    .port_info 5 /INPUT 1 "rst";
v0x1499756b0_0 .net "clk", 0 0, v0x149978100_0;  alias, 1 drivers
v0x149975790_0 .net "halt", 0 0, v0x149972e50_0;  alias, 1 drivers
v0x149975820_0 .var "pc", 5 0;
v0x1499758f0_0 .net "rst", 0 0, v0x149978190_0;  alias, 1 drivers
v0x1499759a0_0 .net "rwd", 5 0, L_0x149978a20;  1 drivers
v0x149975a70_0 .net "we", 0 0, v0x1499732b0_0;  alias, 1 drivers
S_0x149975b50 .scope module, "rega" "rega" 4 11, 12 2 0, S_0x149964af0;
 .timescale -9 -11;
    .port_info 0 /INPUT 2 "arad";
    .port_info 1 /INPUT 2 "brad";
    .port_info 2 /OUTPUT 16 "a";
    .port_info 3 /OUTPUT 16 "b";
    .port_info 4 /INPUT 1 "we";
    .port_info 5 /INPUT 2 "wad";
    .port_info 6 /INPUT 16 "wd";
    .port_info 7 /INPUT 1 "clk";
    .port_info 8 /INPUT 1 "rst";
L_0x149978540 .functor BUFZ 16, L_0x1499783c0, C4<0000000000000000>, C4<0000000000000000>, C4<0000000000000000>;
L_0x1499787b0 .functor BUFZ 16, L_0x1499785f0, C4<0000000000000000>, C4<0000000000000000>, C4<0000000000000000>;
v0x149975ec0_0 .net *"_ivl_0", 15 0, L_0x1499783c0;  1 drivers
v0x149975f50_0 .net *"_ivl_10", 3 0, L_0x149978690;  1 drivers
L_0x130040058 .functor BUFT 1, C4<00>, C4<0>, C4<0>, C4<0>;
v0x149975ff0_0 .net *"_ivl_13", 1 0, L_0x130040058;  1 drivers
v0x149976080_0 .net *"_ivl_2", 3 0, L_0x149978460;  1 drivers
L_0x130040010 .functor BUFT 1, C4<00>, C4<0>, C4<0>, C4<0>;
v0x149976130_0 .net *"_ivl_5", 1 0, L_0x130040010;  1 drivers
v0x149976220_0 .net *"_ivl_8", 15 0, L_0x1499785f0;  1 drivers
v0x1499762d0_0 .net "a", 15 0, L_0x149978540;  alias, 1 drivers
v0x149976370_0 .net "arad", 1 0, v0x149973340_0;  alias, 1 drivers
v0x149976420_0 .net "b", 15 0, L_0x1499787b0;  alias, 1 drivers
v0x149976530_0 .net "brad", 1 0, v0x1499733d0_0;  alias, 1 drivers
v0x1499765d0_0 .net "clk", 0 0, v0x149978100_0;  alias, 1 drivers
v0x149976660 .array "regar", 0 3, 15 0;
v0x1499766f0_0 .net "rst", 0 0, v0x149978190_0;  alias, 1 drivers
v0x1499767c0_0 .net "wad", 1 0, v0x149973520_0;  alias, 1 drivers
v0x149976860_0 .net "wd", 15 0, v0x149974660_0;  alias, 1 drivers
v0x149976910_0 .net "we", 0 0, v0x1499736c0_0;  alias, 1 drivers
L_0x1499783c0 .array/port v0x149976660, L_0x149978460;
L_0x149978460 .concat [ 2 2 0 0], v0x149973340_0, L_0x130040010;
L_0x1499785f0 .array/port v0x149976660, L_0x149978690;
L_0x149978690 .concat [ 2 2 0 0], v0x1499733d0_0, L_0x130040058;
    .scope S_0x149975b50;
T_0 ;
    %wait E_0x149964c60;
    %load/vec4 v0x1499766f0_0;
    %flag_set/vec4 8;
    %jmp/0xz  T_0.0, 8;
    %pushi/vec4 0, 0, 16;
    %ix/load 3, 0, 0;
    %flag_set/imm 4, 0;
    %ix/load 4, 0, 0; Constant delay
    %assign/vec4/a/d v0x149976660, 0, 4;
    %pushi/vec4 0, 0, 16;
    %ix/load 3, 1, 0;
    %flag_set/imm 4, 0;
    %ix/load 4, 0, 0; Constant delay
    %assign/vec4/a/d v0x149976660, 0, 4;
    %pushi/vec4 0, 0, 16;
    %ix/load 3, 2, 0;
    %flag_set/imm 4, 0;
    %ix/load 4, 0, 0; Constant delay
    %assign/vec4/a/d v0x149976660, 0, 4;
    %pushi/vec4 0, 0, 16;
    %ix/load 3, 3, 0;
    %flag_set/imm 4, 0;
    %ix/load 4, 0, 0; Constant delay
    %assign/vec4/a/d v0x149976660, 0, 4;
    %jmp T_0.1;
T_0.0 ;
    %load/vec4 v0x149976910_0;
    %flag_set/vec4 8;
    %jmp/0xz  T_0.2, 8;
    %load/vec4 v0x149976860_0;
    %load/vec4 v0x1499767c0_0;
    %pad/u 4;
    %ix/vec4 3;
    %ix/load 4, 0, 0; Constant delay
    %assign/vec4/a/d v0x149976660, 0, 4;
T_0.2 ;
T_0.1 ;
    %jmp T_0;
    .thread T_0;
    .scope S_0x149971a10;
T_1 ;
Ewait_0 .event/or E_0x149971be0, E_0x0;
    %wait Ewait_0;
    %load/vec4 v0x149971e60_0;
    %flag_set/vec4 8;
    %jmp/0xz  T_1.0, 8;
    %load/vec4 v0x149971ce0_0;
    %store/vec4 v0x149971d90_0, 0, 16;
    %jmp T_1.1;
T_1.0 ;
    %load/vec4 v0x149971c30_0;
    %store/vec4 v0x149971d90_0, 0, 16;
T_1.1 ;
    %jmp T_1;
    .thread T_1, $push;
    .scope S_0x149974be0;
T_2 ;
    %wait E_0x149975120;
    %load/vec4 v0x149975360_0;
    %dup/vec4;
    %pushi/vec4 0, 0, 2;
    %cmp/x;
    %jmp/1 T_2.0, 4;
    %dup/vec4;
    %pushi/vec4 1, 0, 2;
    %cmp/x;
    %jmp/1 T_2.1, 4;
    %dup/vec4;
    %pushi/vec4 2, 0, 2;
    %cmp/x;
    %jmp/1 T_2.2, 4;
    %dup/vec4;
    %pushi/vec4 3, 0, 2;
    %cmp/x;
    %jmp/1 T_2.3, 4;
    %jmp T_2.4;
T_2.0 ;
    %load/vec4 v0x149975170_0;
    %store/vec4 v0x1499752d0_0, 0, 16;
    %jmp T_2.4;
T_2.1 ;
    %pushi/vec4 0, 0, 8;
    %load/vec4 v0x149975240_0;
    %concat/vec4; draw_concat_vec4
    %store/vec4 v0x1499752d0_0, 0, 16;
    %jmp T_2.4;
T_2.2 ;
    %load/vec4 v0x149975170_0;
    %parti/s 8, 8, 5;
    %load/vec4 v0x149975240_0;
    %concat/vec4; draw_concat_vec4
    %store/vec4 v0x1499752d0_0, 0, 16;
    %jmp T_2.4;
T_2.3 ;
    %load/vec4 v0x149975240_0;
    %load/vec4 v0x149975170_0;
    %parti/s 8, 0, 2;
    %concat/vec4; draw_concat_vec4
    %store/vec4 v0x1499752d0_0, 0, 16;
    %jmp T_2.4;
T_2.4 ;
    %pop/vec4 1;
    %jmp T_2;
    .thread T_2, $push;
    .scope S_0x14993b810;
T_3 ;
    %wait E_0x14994a5e0;
    %load/vec4 v0x1499714d0_0;
    %dup/vec4;
    %pushi/vec4 0, 0, 3;
    %cmp/u;
    %jmp/1 T_3.0, 6;
    %dup/vec4;
    %pushi/vec4 1, 0, 3;
    %cmp/u;
    %jmp/1 T_3.1, 6;
    %dup/vec4;
    %pushi/vec4 2, 0, 3;
    %cmp/u;
    %jmp/1 T_3.2, 6;
    %dup/vec4;
    %pushi/vec4 3, 0, 3;
    %cmp/u;
    %jmp/1 T_3.3, 6;
    %dup/vec4;
    %pushi/vec4 4, 0, 3;
    %cmp/u;
    %jmp/1 T_3.4, 6;
    %dup/vec4;
    %pushi/vec4 5, 0, 3;
    %cmp/u;
    %jmp/1 T_3.5, 6;
    %dup/vec4;
    %pushi/vec4 6, 0, 3;
    %cmp/u;
    %jmp/1 T_3.6, 6;
    %dup/vec4;
    %pushi/vec4 7, 0, 3;
    %cmp/u;
    %jmp/1 T_3.7, 6;
    %jmp T_3.8;
T_3.0 ;
    %load/vec4 v0x149911e70_0;
    %pad/u 17;
    %load/vec4 v0x149971270_0;
    %pad/u 17;
    %add;
    %store/vec4 v0x149971580_0, 0, 17;
    %jmp T_3.8;
T_3.1 ;
    %load/vec4 v0x149911e70_0;
    %pad/u 17;
    %load/vec4 v0x149971270_0;
    %pad/u 17;
    %sub;
    %store/vec4 v0x149971580_0, 0, 17;
    %jmp T_3.8;
T_3.2 ;
    %load/vec4 v0x149971270_0;
    %pad/u 17;
    %store/vec4 v0x149971580_0, 0, 17;
    %jmp T_3.8;
T_3.3 ;
    %load/vec4 v0x149911e70_0;
    %pad/u 17;
    %ix/getv 4, v0x149971270_0;
    %shiftr 4;
    %store/vec4 v0x149971580_0, 0, 17;
    %jmp T_3.8;
T_3.4 ;
    %load/vec4 v0x149911e70_0;
    %pad/u 17;
    %ix/getv 4, v0x149971270_0;
    %shiftr 4;
    %store/vec4 v0x149971580_0, 0, 17;
    %jmp T_3.8;
T_3.5 ;
    %load/vec4 v0x149911e70_0;
    %pad/u 17;
    %ix/getv 4, v0x149971270_0;
    %shiftl 4;
    %store/vec4 v0x149971580_0, 0, 17;
    %jmp T_3.8;
T_3.6 ;
    %load/vec4 v0x149911e70_0;
    %pad/u 17;
    %load/vec4 v0x149971270_0;
    %pad/u 17;
    %and;
    %inv;
    %store/vec4 v0x149971580_0, 0, 17;
    %jmp T_3.8;
T_3.7 ;
    %load/vec4 v0x149911e70_0;
    %pad/u 17;
    %load/vec4 v0x149971270_0;
    %pad/u 17;
    %xor;
    %store/vec4 v0x149971580_0, 0, 17;
    %jmp T_3.8;
T_3.8 ;
    %pop/vec4 1;
    %jmp T_3;
    .thread T_3, $push;
    .scope S_0x14993b810;
T_4 ;
    %wait E_0x149964c60;
    %load/vec4 v0x1499716e0_0;
    %flag_set/vec4 8;
    %jmp/0xz  T_4.0, 8;
    %pushi/vec4 0, 0, 1;
    %assign/vec4 v0x149971880_0, 0;
    %pushi/vec4 0, 0, 1;
    %assign/vec4 v0x149971310_0, 0;
    %pushi/vec4 0, 0, 1;
    %assign/vec4 v0x1499717f0_0, 0;
    %jmp T_4.1;
T_4.0 ;
    %load/vec4 v0x149971430_0;
    %pad/u 32;
    %cmpi/e 0, 0, 32;
    %jmp/0xz  T_4.2, 4;
    %load/vec4 v0x149971630_0;
    %pad/u 32;
    %cmpi/e 0, 0, 32;
    %jmp/0xz  T_4.4, 4;
    %pushi/vec4 1, 0, 1;
    %assign/vec4 v0x149971880_0, 0;
    %jmp T_4.5;
T_4.4 ;
    %pushi/vec4 0, 0, 1;
    %assign/vec4 v0x149971880_0, 0;
T_4.5 ;
    %pushi/vec4 0, 0, 1;
    %assign/vec4 v0x149971310_0, 0;
    %load/vec4 v0x149971580_0;
    %parti/s 1, 15, 5;
    %pad/u 32;
    %cmpi/e 1, 0, 32;
    %jmp/0xz  T_4.6, 4;
    %pushi/vec4 1, 0, 1;
    %assign/vec4 v0x1499717f0_0, 0;
    %jmp T_4.7;
T_4.6 ;
    %pushi/vec4 0, 0, 1;
    %assign/vec4 v0x1499717f0_0, 0;
T_4.7 ;
T_4.2 ;
T_4.1 ;
    %jmp T_4;
    .thread T_4;
    .scope S_0x149975430;
T_5 ;
    %wait E_0x149964c60;
    %load/vec4 v0x1499758f0_0;
    %flag_set/vec4 8;
    %jmp/0xz  T_5.0, 8;
    %pushi/vec4 0, 0, 6;
    %assign/vec4 v0x149975820_0, 0;
    %jmp T_5.1;
T_5.0 ;
    %load/vec4 v0x149975790_0;
    %nor/r;
    %flag_set/vec4 8;
    %jmp/0xz  T_5.2, 8;
    %load/vec4 v0x149975a70_0;
    %pad/u 32;
    %cmpi/e 1, 0, 32;
    %jmp/0xz  T_5.4, 4;
    %load/vec4 v0x1499759a0_0;
    %assign/vec4 v0x149975820_0, 0;
    %jmp T_5.5;
T_5.4 ;
    %load/vec4 v0x149975820_0;
    %addi 1, 0, 6;
    %assign/vec4 v0x149975820_0, 0;
T_5.5 ;
T_5.2 ;
T_5.1 ;
    %jmp T_5;
    .thread T_5;
    .scope S_0x149974810;
T_6 ;
Ewait_1 .event/or E_0x149974a10, E_0x0;
    %wait Ewait_1;
    %load/vec4 v0x149974b10_0;
    %dup/vec4;
    %pushi/vec4 0, 0, 6;
    %cmp/u;
    %jmp/1 T_6.0, 6;
    %dup/vec4;
    %pushi/vec4 1, 0, 6;
    %cmp/u;
    %jmp/1 T_6.1, 6;
    %dup/vec4;
    %pushi/vec4 2, 0, 6;
    %cmp/u;
    %jmp/1 T_6.2, 6;
    %dup/vec4;
    %pushi/vec4 3, 0, 6;
    %cmp/u;
    %jmp/1 T_6.3, 6;
    %dup/vec4;
    %pushi/vec4 4, 0, 6;
    %cmp/u;
    %jmp/1 T_6.4, 6;
    %dup/vec4;
    %pushi/vec4 5, 0, 6;
    %cmp/u;
    %jmp/1 T_6.5, 6;
    %dup/vec4;
    %pushi/vec4 6, 0, 6;
    %cmp/u;
    %jmp/1 T_6.6, 6;
    %dup/vec4;
    %pushi/vec4 7, 0, 6;
    %cmp/u;
    %jmp/1 T_6.7, 6;
    %dup/vec4;
    %pushi/vec4 8, 0, 6;
    %cmp/u;
    %jmp/1 T_6.8, 6;
    %dup/vec4;
    %pushi/vec4 9, 0, 6;
    %cmp/u;
    %jmp/1 T_6.9, 6;
    %dup/vec4;
    %pushi/vec4 10, 0, 6;
    %cmp/u;
    %jmp/1 T_6.10, 6;
    %dup/vec4;
    %pushi/vec4 11, 0, 6;
    %cmp/u;
    %jmp/1 T_6.11, 6;
    %dup/vec4;
    %pushi/vec4 12, 0, 6;
    %cmp/u;
    %jmp/1 T_6.12, 6;
    %jmp T_6.13;
T_6.0 ;
    %pushi/vec4 0, 0, 16;
    %store/vec4 v0x149974a60_0, 0, 16;
    %jmp T_6.13;
T_6.1 ;
    %pushi/vec4 33281, 0, 16;
    %store/vec4 v0x149974a60_0, 0, 16;
    %jmp T_6.13;
T_6.2 ;
    %pushi/vec4 33536, 0, 16;
    %store/vec4 v0x149974a60_0, 0, 16;
    %jmp T_6.13;
T_6.3 ;
    %pushi/vec4 34305, 0, 16;
    %store/vec4 v0x149974a60_0, 0, 16;
    %jmp T_6.13;
T_6.4 ;
    %pushi/vec4 34560, 0, 16;
    %store/vec4 v0x149974a60_0, 0, 16;
    %jmp T_6.13;
T_6.5 ;
    %pushi/vec4 36362, 0, 16;
    %store/vec4 v0x149974a60_0, 0, 16;
    %jmp T_6.13;
T_6.6 ;
    %pushi/vec4 36608, 0, 16;
    %store/vec4 v0x149974a60_0, 0, 16;
    %jmp T_6.13;
T_6.7 ;
    %pushi/vec4 2561, 0, 16;
    %store/vec4 v0x149974a60_0, 0, 16;
    %jmp T_6.13;
T_6.8 ;
    %pushi/vec4 2081, 0, 16;
    %store/vec4 v0x149974a60_0, 0, 16;
    %jmp T_6.13;
T_6.9 ;
    %pushi/vec4 2338, 0, 16;
    %store/vec4 v0x149974a60_0, 0, 16;
    %jmp T_6.13;
T_6.10 ;
    %pushi/vec4 16129, 0, 16;
    %store/vec4 v0x149974a60_0, 0, 16;
    %jmp T_6.13;
T_6.11 ;
    %pushi/vec4 19964, 0, 16;
    %store/vec4 v0x149974a60_0, 0, 16;
    %jmp T_6.13;
T_6.12 ;
    %pushi/vec4 1, 0, 16;
    %store/vec4 v0x149974a60_0, 0, 16;
    %jmp T_6.13;
T_6.13 ;
    %pop/vec4 1;
    %jmp T_6;
    .thread T_6, $push;
    .scope S_0x149971f50;
T_7 ;
    %wait E_0x149972a60;
    %pushi/vec4 0, 0, 1;
    %store/vec4 v0x149972d20_0, 0, 1;
    %pushi/vec4 0, 0, 1;
    %store/vec4 v0x149972db0_0, 0, 1;
    %load/vec4 v0x1499730b0_0;
    %parti/s 2, 8, 5;
    %dup/vec4;
    %pushi/vec4 0, 0, 2;
    %cmp/u;
    %jmp/1 T_7.0, 6;
    %dup/vec4;
    %pushi/vec4 1, 0, 2;
    %cmp/u;
    %jmp/1 T_7.1, 6;
    %dup/vec4;
    %pushi/vec4 2, 0, 2;
    %cmp/u;
    %jmp/1 T_7.2, 6;
    %dup/vec4;
    %pushi/vec4 3, 0, 2;
    %cmp/u;
    %jmp/1 T_7.3, 6;
    %jmp T_7.4;
T_7.0 ;
    %pushi/vec4 1, 0, 1;
    %store/vec4 v0x149972d20_0, 0, 1;
    %pushi/vec4 1, 0, 1;
    %store/vec4 v0x149972db0_0, 0, 1;
    %jmp T_7.4;
T_7.1 ;
    %load/vec4 v0x149973760_0;
    %inv;
    %load/vec4 v0x1499730b0_0;
    %parti/s 1, 7, 4;
    %xor;
    %store/vec4 v0x149972d20_0, 0, 1;
    %load/vec4 v0x149973760_0;
    %inv;
    %load/vec4 v0x1499730b0_0;
    %parti/s 1, 12, 5;
    %xor;
    %store/vec4 v0x149972db0_0, 0, 1;
    %jmp T_7.4;
T_7.2 ;
    %load/vec4 v0x149972ab0_0;
    %inv;
    %load/vec4 v0x1499730b0_0;
    %parti/s 1, 7, 4;
    %xor;
    %store/vec4 v0x149972d20_0, 0, 1;
    %load/vec4 v0x149972ab0_0;
    %inv;
    %load/vec4 v0x1499730b0_0;
    %parti/s 1, 12, 5;
    %xor;
    %store/vec4 v0x149972db0_0, 0, 1;
    %jmp T_7.4;
T_7.3 ;
    %load/vec4 v0x149973470_0;
    %inv;
    %load/vec4 v0x1499730b0_0;
    %parti/s 1, 7, 4;
    %xor;
    %store/vec4 v0x149972d20_0, 0, 1;
    %load/vec4 v0x149973470_0;
    %inv;
    %load/vec4 v0x1499730b0_0;
    %parti/s 1, 12, 5;
    %xor;
    %store/vec4 v0x149972db0_0, 0, 1;
    %jmp T_7.4;
T_7.4 ;
    %pop/vec4 1;
    %jmp T_7;
    .thread T_7, $push;
    .scope S_0x149971f50;
T_8 ;
    %wait E_0x1499729c0;
    %pushi/vec4 0, 0, 1;
    %store/vec4 v0x149972e50_0, 0, 1;
    %pushi/vec4 0, 0, 2;
    %store/vec4 v0x149973340_0, 0, 2;
    %pushi/vec4 0, 0, 2;
    %store/vec4 v0x1499733d0_0, 0, 2;
    %pushi/vec4 2, 0, 3;
    %store/vec4 v0x149973160_0, 0, 3;
    %pushi/vec4 0, 0, 1;
    %store/vec4 v0x1499736c0_0, 0, 1;
    %pushi/vec4 0, 0, 2;
    %store/vec4 v0x149973520_0, 0, 2;
    %pushi/vec4 0, 0, 2;
    %store/vec4 v0x149972fa0_0, 0, 2;
    %pushi/vec4 0, 0, 8;
    %store/vec4 v0x149972ef0_0, 0, 8;
    %pushi/vec4 0, 0, 1;
    %store/vec4 v0x149972c90_0, 0, 1;
    %pushi/vec4 0, 0, 1;
    %store/vec4 v0x1499732b0_0, 0, 1;
    %pushi/vec4 0, 0, 1;
    %store/vec4 v0x149972c00_0, 0, 1;
    %pushi/vec4 0, 0, 1;
    %store/vec4 v0x149972b70_0, 0, 1;
    %pushi/vec4 0, 0, 1;
    %store/vec4 v0x149973220_0, 0, 1;
    %load/vec4 v0x1499730b0_0;
    %parti/s 3, 13, 5;
    %dup/vec4;
    %pushi/vec4 0, 0, 3;
    %cmp/u;
    %jmp/1 T_8.0, 6;
    %dup/vec4;
    %pushi/vec4 1, 0, 3;
    %cmp/u;
    %jmp/1 T_8.1, 6;
    %dup/vec4;
    %pushi/vec4 2, 0, 3;
    %cmp/u;
    %jmp/1 T_8.2, 6;
    %dup/vec4;
    %pushi/vec4 3, 0, 3;
    %cmp/u;
    %jmp/1 T_8.3, 6;
    %dup/vec4;
    %pushi/vec4 4, 0, 3;
    %cmp/u;
    %jmp/1 T_8.4, 6;
    %dup/vec4;
    %pushi/vec4 5, 0, 3;
    %cmp/u;
    %jmp/1 T_8.5, 6;
    %dup/vec4;
    %pushi/vec4 6, 0, 3;
    %cmp/u;
    %jmp/1 T_8.6, 6;
    %dup/vec4;
    %pushi/vec4 7, 0, 3;
    %cmp/u;
    %jmp/1 T_8.7, 6;
    %jmp T_8.8;
T_8.0 ;
    %load/vec4 v0x1499730b0_0;
    %parti/s 3, 10, 5;
    %dup/vec4;
    %pushi/vec4 0, 0, 3;
    %cmp/u;
    %jmp/1 T_8.9, 6;
    %dup/vec4;
    %pushi/vec4 1, 0, 3;
    %cmp/u;
    %jmp/1 T_8.10, 6;
    %dup/vec4;
    %pushi/vec4 2, 0, 3;
    %cmp/u;
    %jmp/1 T_8.11, 6;
    %dup/vec4;
    %pushi/vec4 3, 0, 3;
    %cmp/u;
    %jmp/1 T_8.12, 6;
    %dup/vec4;
    %pushi/vec4 4, 0, 3;
    %cmp/u;
    %jmp/1 T_8.13, 6;
    %dup/vec4;
    %pushi/vec4 5, 0, 3;
    %cmp/u;
    %jmp/1 T_8.14, 6;
    %dup/vec4;
    %pushi/vec4 6, 0, 3;
    %cmp/u;
    %jmp/1 T_8.15, 6;
    %dup/vec4;
    %pushi/vec4 7, 0, 3;
    %cmp/u;
    %jmp/1 T_8.16, 6;
    %jmp T_8.17;
T_8.9 ;
    %load/vec4 v0x1499730b0_0;
    %parti/s 1, 0, 2;
    %dup/vec4;
    %pushi/vec4 0, 0, 1;
    %cmp/u;
    %jmp/1 T_8.18, 6;
    %dup/vec4;
    %pushi/vec4 1, 0, 1;
    %cmp/u;
    %jmp/1 T_8.19, 6;
    %jmp T_8.20;
T_8.18 ;
    %pushi/vec4 1, 0, 1;
    %store/vec4 v0x149972c90_0, 0, 1;
    %vpi_call/w 7 102 "$display", "NOP" {0 0 0};
    %jmp T_8.20;
T_8.19 ;
    %pushi/vec4 1, 0, 1;
    %store/vec4 v0x149972e50_0, 0, 1;
    %vpi_call/w 7 109 "$display", "HALT" {0 0 0};
    %jmp T_8.20;
T_8.20 ;
    %pop/vec4 1;
    %jmp T_8.17;
T_8.10 ;
    %jmp T_8.17;
T_8.11 ;
    %load/vec4 v0x1499730b0_0;
    %parti/s 2, 8, 5;
    %store/vec4 v0x149973520_0, 0, 2;
    %pushi/vec4 1, 0, 1;
    %store/vec4 v0x1499736c0_0, 0, 1;
    %load/vec4 v0x1499730b0_0;
    %parti/s 1, 7, 4;
    %store/vec4 v0x149972c90_0, 0, 1;
    %load/vec4 v0x1499730b0_0;
    %parti/s 3, 4, 4;
    %store/vec4 v0x149973160_0, 0, 3;
    %load/vec4 v0x1499730b0_0;
    %parti/s 2, 2, 3;
    %store/vec4 v0x149973340_0, 0, 2;
    %load/vec4 v0x1499730b0_0;
    %parti/s 2, 0, 2;
    %store/vec4 v0x1499733d0_0, 0, 2;
    %vpi_call/w 7 128 "$display", "CAL rw:%h F:%h op:%h, ra:%h, rb:%h", v0x149973520_0, v0x149972c90_0, v0x149973160_0, v0x149973340_0, v0x1499733d0_0 {0 0 0};
    %vpi_call/w 7 129 "$display", "CAL rw=ra,rb (F=0:NORM/1:DSTB) MV" {0 0 0};
    %jmp T_8.17;
T_8.12 ;
    %load/vec4 v0x1499730b0_0;
    %parti/s 3, 4, 4;
    %store/vec4 v0x149973160_0, 0, 3;
    %load/vec4 v0x1499730b0_0;
    %parti/s 2, 2, 3;
    %store/vec4 v0x149973340_0, 0, 2;
    %load/vec4 v0x1499730b0_0;
    %parti/s 2, 0, 2;
    %store/vec4 v0x1499733d0_0, 0, 2;
    %vpi_call/w 7 139 "$display", "EVA CAL op:%h, ra:%h, rb:%h", v0x149973160_0, v0x149973340_0, v0x1499733d0_0 {0 0 0};
    %vpi_call/w 7 140 "$display", "EVA CAL ra,rb (F=0)/CMP ra,rb" {0 0 0};
    %jmp T_8.17;
T_8.13 ;
    %load/vec4 v0x149972d20_0;
    %flag_set/vec4 8;
    %jmp/0xz  T_8.21, 8;
    %load/vec4 v0x1499730b0_0;
    %parti/s 3, 4, 4;
    %store/vec4 v0x149973160_0, 0, 3;
    %load/vec4 v0x1499730b0_0;
    %parti/s 2, 2, 3;
    %store/vec4 v0x149973340_0, 0, 2;
    %load/vec4 v0x1499730b0_0;
    %parti/s 2, 0, 2;
    %store/vec4 v0x1499733d0_0, 0, 2;
    %pushi/vec4 1, 0, 1;
    %store/vec4 v0x1499732b0_0, 0, 1;
T_8.21 ;
    %vpi_call/w 7 155 "$display", "JP/BR f1:%h(Z%hC%hS%h) op:%h, ra:%h, rb:%h", v0x149972d20_0, v0x149973760_0, v0x149972ab0_0, v0x149973470_0, v0x149973160_0, v0x149973340_0, v0x1499733d0_0 {0 0 0};
    %vpi_call/w 7 156 "$display", "JP/BR fp [ra op rb] (ff:NC,Z,C,S)" {0 0 0};
    %jmp T_8.17;
T_8.14 ;
    %jmp T_8.17;
T_8.15 ;
    %pushi/vec4 1, 0, 1;
    %store/vec4 v0x149972c00_0, 0, 1;
    %load/vec4 v0x1499730b0_0;
    %parti/s 1, 9, 5;
    %store/vec4 v0x149972c90_0, 0, 1;
    %load/vec4 v0x1499730b0_0;
    %parti/s 3, 4, 4;
    %store/vec4 v0x149973160_0, 0, 3;
    %load/vec4 v0x1499730b0_0;
    %parti/s 2, 2, 3;
    %store/vec4 v0x149973340_0, 0, 2;
    %load/vec4 v0x1499730b0_0;
    %parti/s 2, 0, 2;
    %store/vec4 v0x1499733d0_0, 0, 2;
    %vpi_call/w 7 172 "$display", "SM [ra]=rb / SM [ra] = [ra op rb] *MM" {0 0 0};
    %vpi_call/w 7 173 "$display", "SM d:%h op:%h, ra:%h, rb:%h", v0x149972c90_0, v0x149973160_0, v0x149973340_0, v0x1499733d0_0 {0 0 0};
    %jmp T_8.17;
T_8.16 ;
    %load/vec4 v0x1499730b0_0;
    %parti/s 2, 8, 5;
    %store/vec4 v0x149973520_0, 0, 2;
    %pushi/vec4 1, 0, 1;
    %store/vec4 v0x1499736c0_0, 0, 1;
    %load/vec4 v0x1499730b0_0;
    %parti/s 1, 7, 4;
    %store/vec4 v0x149972c90_0, 0, 1;
    %load/vec4 v0x1499730b0_0;
    %parti/s 3, 4, 4;
    %store/vec4 v0x149973160_0, 0, 3;
    %load/vec4 v0x1499730b0_0;
    %parti/s 2, 2, 3;
    %store/vec4 v0x149973340_0, 0, 2;
    %load/vec4 v0x1499730b0_0;
    %parti/s 2, 0, 2;
    %store/vec4 v0x1499733d0_0, 0, 2;
    %pushi/vec4 1, 0, 1;
    %store/vec4 v0x149972b70_0, 0, 1;
    %vpi_call/w 7 187 "$display", "LM rw=[ra op rb] / LM rw=[rb] *MM" {0 0 0};
    %vpi_call/w 7 188 "$display", "SM wr:%d d:%h op:%h, ra:%h, rb:%h", v0x149973520_0, v0x149972c90_0, v0x149973160_0, v0x149973340_0, v0x1499733d0_0 {0 0 0};
    %jmp T_8.17;
T_8.17 ;
    %pop/vec4 1;
    %jmp T_8.8;
T_8.1 ;
    %load/vec4 v0x1499730b0_0;
    %parti/s 2, 10, 5;
    %store/vec4 v0x149973520_0, 0, 2;
    %pushi/vec4 1, 0, 1;
    %store/vec4 v0x1499736c0_0, 0, 1;
    %load/vec4 v0x1499730b0_0;
    %parti/s 2, 8, 5;
    %store/vec4 v0x149973340_0, 0, 2;
    %pushi/vec4 0, 0, 2;
    %load/vec4 v0x1499730b0_0;
    %parti/s 1, 12, 5;
    %concat/vec4; draw_concat_vec4
    %store/vec4 v0x149973160_0, 0, 3;
    %load/vec4 v0x1499730b0_0;
    %parti/s 8, 0, 2;
    %store/vec4 v0x149972ef0_0, 0, 8;
    %pushi/vec4 1, 0, 2;
    %store/vec4 v0x149972fa0_0, 0, 2;
    %vpi_call/w 7 203 "$display", "CAL rw=ra,im (#=0:ADD/1:SUB only)" {0 0 0};
    %vpi_call/w 7 204 "$display", "CAL op#:%h wr:%h[%h], ra:%h, rb:%h, IM:%h", v0x149973160_0, v0x149973520_0, v0x1499736c0_0, v0x149973340_0, v0x1499733d0_0, v0x149972ef0_0 {0 0 0};
    %jmp T_8.8;
T_8.2 ;
    %load/vec4 v0x1499730b0_0;
    %parti/s 1, 11, 5;
    %dup/vec4;
    %pushi/vec4 0, 0, 1;
    %cmp/u;
    %jmp/1 T_8.23, 6;
    %dup/vec4;
    %pushi/vec4 1, 0, 1;
    %cmp/u;
    %jmp/1 T_8.24, 6;
    %jmp T_8.25;
T_8.23 ;
    %load/vec4 v0x149972db0_0;
    %flag_set/vec4 8;
    %jmp/0xz  T_8.26, 8;
    %pushi/vec4 1, 0, 1;
    %store/vec4 v0x1499732b0_0, 0, 1;
    %pushi/vec4 1, 0, 2;
    %store/vec4 v0x149972fa0_0, 0, 2;
    %load/vec4 v0x1499730b0_0;
    %parti/s 8, 0, 2;
    %store/vec4 v0x149972ef0_0, 0, 8;
T_8.26 ;
    %vpi_call/w 7 223 "$display", "JP/BR fp [(s)im]" {0 0 0};
    %vpi_call/w 7 224 "$display", "JP/BR f2:%h(Z%hC%hS%h) liop:%h, IM:%h", v0x149972db0_0, v0x149973760_0, v0x149972ab0_0, v0x149973470_0, v0x149972fa0_0, v0x149972ef0_0 {0 0 0};
    %jmp T_8.25;
T_8.24 ;
    %load/vec4 v0x1499730b0_0;
    %parti/s 1, 10, 5;
    %dup/vec4;
    %pushi/vec4 1, 0, 1;
    %cmp/u;
    %jmp/1 T_8.28, 6;
    %dup/vec4;
    %pushi/vec4 0, 0, 1;
    %cmp/u;
    %jmp/1 T_8.29, 6;
    %jmp T_8.30;
T_8.28 ;
    %load/vec4 v0x149972db0_0;
    %flag_set/vec4 8;
    %jmp/0xz  T_8.31, 8;
    %pushi/vec4 1, 0, 1;
    %store/vec4 v0x1499732b0_0, 0, 1;
    %pushi/vec4 1, 0, 1;
    %store/vec4 v0x149973220_0, 0, 1;
    %pushi/vec4 0, 0, 3;
    %store/vec4 v0x149973160_0, 0, 3;
    %pushi/vec4 1, 0, 2;
    %store/vec4 v0x149972fa0_0, 0, 2;
    %load/vec4 v0x1499730b0_0;
    %parti/s 8, 0, 2;
    %store/vec4 v0x149972ef0_0, 0, 8;
T_8.31 ;
    %vpi_call/w 7 244 "$display", "JP/BR fp [PC + (s)im]" {0 0 0};
    %vpi_call/w 7 245 "$display", "JP/BR f2:%h(Z%hC%hS%h) liop:%h, op:%h IM:%h", v0x149972db0_0, v0x149973760_0, v0x149972ab0_0, v0x149973470_0, v0x149973160_0, v0x149972fa0_0, v0x149972ef0_0 {0 0 0};
    %jmp T_8.30;
T_8.29 ;
    %load/vec4 v0x1499730b0_0;
    %parti/s 2, 8, 5;
    %store/vec4 v0x1499733d0_0, 0, 2;
    %pushi/vec4 1, 0, 1;
    %store/vec4 v0x149972c00_0, 0, 1;
    %load/vec4 v0x1499730b0_0;
    %parti/s 8, 0, 2;
    %store/vec4 v0x149972ef0_0, 0, 8;
    %pushi/vec4 1, 0, 2;
    %store/vec4 v0x149972fa0_0, 0, 2;
    %vpi_call/w 7 256 "$display", "SM [(s)im]=rb *MM" {0 0 0};
    %vpi_call/w 7 257 "$display", "SM rb:%h IM:%h", v0x1499733d0_0, v0x149972ef0_0 {0 0 0};
    %jmp T_8.30;
T_8.30 ;
    %pop/vec4 1;
    %jmp T_8.25;
T_8.25 ;
    %pop/vec4 1;
    %jmp T_8.8;
T_8.3 ;
    %load/vec4 v0x149972db0_0;
    %flag_set/vec4 8;
    %jmp/0xz  T_8.33, 8;
    %pushi/vec4 1, 0, 1;
    %store/vec4 v0x1499732b0_0, 0, 1;
    %pushi/vec4 0, 0, 3;
    %store/vec4 v0x149973160_0, 0, 3;
    %load/vec4 v0x1499730b0_0;
    %parti/s 2, 10, 5;
    %store/vec4 v0x149973340_0, 0, 2;
    %pushi/vec4 1, 0, 2;
    %store/vec4 v0x149972fa0_0, 0, 2;
    %load/vec4 v0x1499730b0_0;
    %parti/s 8, 0, 2;
    %store/vec4 v0x149972ef0_0, 0, 8;
T_8.33 ;
    %vpi_call/w 7 277 "$display", "JP/BR fp [ra + (s)im]" {0 0 0};
    %vpi_call/w 7 278 "$display", "JP/BR f2:%h(Z%hC%hS%h) ra:%h liop:%h, op:%h IM:%h", v0x149972db0_0, v0x149973760_0, v0x149972ab0_0, v0x149973470_0, v0x149973340_0, v0x149973160_0, v0x149972fa0_0, v0x149972ef0_0 {0 0 0};
    %jmp T_8.8;
T_8.4 ;
    %load/vec4 v0x1499730b0_0;
    %parti/s 1, 12, 5;
    %dup/vec4;
    %pushi/vec4 0, 0, 1;
    %cmp/u;
    %jmp/1 T_8.35, 6;
    %dup/vec4;
    %pushi/vec4 1, 0, 1;
    %cmp/u;
    %jmp/1 T_8.36, 6;
    %jmp T_8.37;
T_8.35 ;
    %load/vec4 v0x1499730b0_0;
    %parti/s 2, 8, 5;
    %dup/vec4;
    %pushi/vec4 0, 0, 2;
    %cmp/u;
    %jmp/1 T_8.38, 6;
    %dup/vec4;
    %pushi/vec4 1, 0, 2;
    %cmp/u;
    %jmp/1 T_8.39, 6;
    %dup/vec4;
    %pushi/vec4 2, 0, 2;
    %cmp/u;
    %jmp/1 T_8.40, 6;
    %dup/vec4;
    %pushi/vec4 3, 0, 2;
    %cmp/u;
    %jmp/1 T_8.41, 6;
    %jmp T_8.42;
T_8.38 ;
    %load/vec4 v0x1499730b0_0;
    %parti/s 2, 10, 5;
    %store/vec4 v0x149973520_0, 0, 2;
    %pushi/vec4 1, 0, 1;
    %store/vec4 v0x1499736c0_0, 0, 1;
    %pushi/vec4 0, 0, 5;
    %load/vec4 v0x149973470_0;
    %concat/vec4; draw_concat_vec4
    %load/vec4 v0x149972ab0_0;
    %concat/vec4; draw_concat_vec4
    %load/vec4 v0x149973760_0;
    %concat/vec4; draw_concat_vec4
    %store/vec4 v0x149972ef0_0, 0, 8;
    %pushi/vec4 1, 0, 2;
    %store/vec4 v0x149972fa0_0, 0, 2;
    %vpi_call/w 7 295 "$display", "LI rw,SM S:sign C:carry Z:zero" {0 0 0};
    %vpi_call/w 7 296 "$display", "LI SM h(Z%hC%hS%h) wr:%h liop:%h, IM:%h", v0x149972db0_0, v0x149973760_0, v0x149972ab0_0, v0x149973470_0, v0x149973520_0, v0x149972fa0_0, v0x149972ef0_0 {0 0 0};
    %jmp T_8.42;
T_8.39 ;
    %load/vec4 v0x1499730b0_0;
    %parti/s 2, 10, 5;
    %store/vec4 v0x149973520_0, 0, 2;
    %pushi/vec4 1, 0, 1;
    %store/vec4 v0x1499736c0_0, 0, 1;
    %load/vec4 v0x1499730b0_0;
    %parti/s 8, 0, 2;
    %store/vec4 v0x149972ef0_0, 0, 8;
    %pushi/vec4 1, 0, 2;
    %store/vec4 v0x149972fa0_0, 0, 2;
    %vpi_call/w 7 307 "$display", "LI rw,(s)im lidx=o[9:8]" {0 0 0};
    %vpi_call/w 7 308 "$display", "LI wr:%h liop:%h, IM:%h", v0x149973520_0, v0x149972fa0_0, v0x149972ef0_0 {0 0 0};
    %jmp T_8.42;
T_8.40 ;
    %load/vec4 v0x1499730b0_0;
    %parti/s 2, 10, 5;
    %store/vec4 v0x149973520_0, 0, 2;
    %pushi/vec4 1, 0, 1;
    %store/vec4 v0x1499736c0_0, 0, 1;
    %load/vec4 v0x1499730b0_0;
    %parti/s 2, 10, 5;
    %store/vec4 v0x1499733d0_0, 0, 2;
    %load/vec4 v0x1499730b0_0;
    %parti/s 8, 0, 2;
    %store/vec4 v0x149972ef0_0, 0, 8;
    %pushi/vec4 2, 0, 2;
    %store/vec4 v0x149972fa0_0, 0, 2;
    %vpi_call/w 7 320 "$display", "LIL rw,im (rw=rb)" {0 0 0};
    %vpi_call/w 7 321 "$display", "LIL wr:%h liop:%h, IM:%h (rb:%h)", v0x149973520_0, v0x149972fa0_0, v0x149972ef0_0, v0x1499733d0_0 {0 0 0};
    %jmp T_8.42;
T_8.41 ;
    %load/vec4 v0x1499730b0_0;
    %parti/s 2, 10, 5;
    %store/vec4 v0x149973520_0, 0, 2;
    %pushi/vec4 1, 0, 1;
    %store/vec4 v0x1499736c0_0, 0, 1;
    %load/vec4 v0x1499730b0_0;
    %parti/s 2, 10, 5;
    %store/vec4 v0x1499733d0_0, 0, 2;
    %load/vec4 v0x1499730b0_0;
    %parti/s 8, 0, 2;
    %store/vec4 v0x149972ef0_0, 0, 8;
    %pushi/vec4 3, 0, 2;
    %store/vec4 v0x149972fa0_0, 0, 2;
    %vpi_call/w 7 333 "$display", "LIH rw,im (rw=rb)" {0 0 0};
    %vpi_call/w 7 334 "$display", "LIH wr:%h liop:%h, IM:%h (rb:%h)", v0x149973520_0, v0x149972fa0_0, v0x149972ef0_0, v0x1499733d0_0 {0 0 0};
    %jmp T_8.42;
T_8.42 ;
    %pop/vec4 1;
    %jmp T_8.37;
T_8.36 ;
    %load/vec4 v0x1499730b0_0;
    %parti/s 2, 10, 5;
    %store/vec4 v0x149973520_0, 0, 2;
    %pushi/vec4 1, 0, 1;
    %store/vec4 v0x1499736c0_0, 0, 1;
    %load/vec4 v0x1499730b0_0;
    %parti/s 8, 0, 2;
    %store/vec4 v0x149972ef0_0, 0, 8;
    %pushi/vec4 1, 0, 2;
    %store/vec4 v0x149972fa0_0, 0, 2;
    %pushi/vec4 1, 0, 1;
    %store/vec4 v0x149972b70_0, 0, 1;
    %vpi_call/w 7 348 "$display", "LM rw=[im] *MM" {0 0 0};
    %vpi_call/w 7 349 "$display", "LM wr:%h liop:%h, IM:%h", v0x149973520_0, v0x149972fa0_0, v0x149972ef0_0, v0x1499733d0_0 {0 0 0};
    %jmp T_8.37;
T_8.37 ;
    %pop/vec4 1;
    %jmp T_8.8;
T_8.5 ;
    %load/vec4 v0x1499730b0_0;
    %parti/s 1, 12, 5;
    %dup/vec4;
    %pushi/vec4 0, 0, 1;
    %cmp/u;
    %jmp/1 T_8.43, 6;
    %dup/vec4;
    %pushi/vec4 1, 0, 1;
    %cmp/u;
    %jmp/1 T_8.44, 6;
    %jmp T_8.45;
T_8.43 ;
    %load/vec4 v0x1499730b0_0;
    %parti/s 2, 10, 5;
    %store/vec4 v0x149973520_0, 0, 2;
    %pushi/vec4 1, 0, 1;
    %store/vec4 v0x1499736c0_0, 0, 1;
    %load/vec4 v0x1499730b0_0;
    %parti/s 2, 8, 5;
    %store/vec4 v0x149973340_0, 0, 2;
    %load/vec4 v0x1499730b0_0;
    %parti/s 8, 0, 2;
    %store/vec4 v0x149972ef0_0, 0, 8;
    %pushi/vec4 1, 0, 2;
    %store/vec4 v0x149972fa0_0, 0, 2;
    %pushi/vec4 0, 0, 3;
    %store/vec4 v0x149973160_0, 0, 3;
    %pushi/vec4 1, 0, 1;
    %store/vec4 v0x149972b70_0, 0, 1;
    %vpi_call/w 7 368 "$display", "LM rw=[ra + (s)im]" {0 0 0};
    %vpi_call/w 7 369 "$display", "LM wr:%h ra:%h, liop:%h, IM:%h ADD", v0x149973520_0, v0x149973340_0, v0x149972fa0_0, v0x149972ef0_0 {0 0 0};
    %jmp T_8.45;
T_8.44 ;
    %pushi/vec4 1, 0, 1;
    %store/vec4 v0x149972c00_0, 0, 1;
    %load/vec4 v0x1499730b0_0;
    %parti/s 2, 10, 5;
    %store/vec4 v0x149973340_0, 0, 2;
    %load/vec4 v0x1499730b0_0;
    %parti/s 2, 8, 5;
    %store/vec4 v0x1499733d0_0, 0, 2;
    %load/vec4 v0x1499730b0_0;
    %parti/s 8, 0, 2;
    %store/vec4 v0x149972ef0_0, 0, 8;
    %pushi/vec4 1, 0, 2;
    %store/vec4 v0x149972fa0_0, 0, 2;
    %pushi/vec4 0, 0, 3;
    %store/vec4 v0x149973160_0, 0, 3;
    %vpi_call/w 7 383 "$display", "SM [ra + (s)im]=rb" {0 0 0};
    %vpi_call/w 7 384 "$display", "SM ra:%h rb:%h liop:%h IM:%h ADD", v0x1499733d0_0, v0x149972fa0_0, v0x149972ef0_0 {0 0 0};
    %jmp T_8.45;
T_8.45 ;
    %pop/vec4 1;
    %jmp T_8.8;
T_8.6 ;
    %jmp T_8.8;
T_8.7 ;
    %load/vec4 v0x1499730b0_0;
    %parti/s 1, 12, 5;
    %dup/vec4;
    %pushi/vec4 1, 0, 1;
    %cmp/u;
    %jmp/1 T_8.46, 6;
    %jmp T_8.47;
T_8.46 ;
    %pushi/vec4 1, 0, 2;
    %store/vec4 v0x149972fa0_0, 0, 2;
    %load/vec4 v0x1499730b0_0;
    %parti/s 2, 10, 5;
    %store/vec4 v0x149973340_0, 0, 2;
    %load/vec4 v0x1499730b0_0;
    %parti/s 8, 0, 2;
    %store/vec4 v0x149972ef0_0, 0, 8;
    %pushi/vec4 1, 0, 3;
    %store/vec4 v0x149973160_0, 0, 3;
    %jmp T_8.47;
T_8.47 ;
    %pop/vec4 1;
    %jmp T_8.8;
T_8.8 ;
    %pop/vec4 1;
    %jmp T_8;
    .thread T_8, $push;
    .scope S_0x149973920;
T_9 ;
    %wait E_0x149973b90;
    %load/vec4 v0x1499740f0_0;
    %flag_set/vec4 8;
    %jmp/0xz  T_9.0, 8;
    %load/vec4 v0x149974040_0;
    %load/vec4 v0x149973d80_0;
    %pad/u 10;
    %ix/vec4 3;
    %ix/load 4, 0, 0; Constant delay
    %assign/vec4/a/d v0x149973f00, 0, 4;
T_9.0 ;
    %jmp T_9;
    .thread T_9;
    .scope S_0x149974250;
T_10 ;
Ewait_2 .event/or E_0x149973ae0, E_0x0;
    %wait Ewait_2;
    %load/vec4 v0x149974710_0;
    %flag_set/vec4 8;
    %jmp/0xz  T_10.0, 8;
    %load/vec4 v0x1499745b0_0;
    %store/vec4 v0x149974660_0, 0, 16;
    %jmp T_10.1;
T_10.0 ;
    %load/vec4 v0x1499744e0_0;
    %store/vec4 v0x149974660_0, 0, 16;
T_10.1 ;
    %jmp T_10;
    .thread T_10, $push;
    .scope S_0x14994a3c0;
T_11 ;
    %delay 500, 0;
    %load/vec4 v0x149978100_0;
    %inv;
    %store/vec4 v0x149978100_0, 0, 1;
    %jmp T_11;
    .thread T_11;
    .scope S_0x14994a3c0;
T_12 ;
    %vpi_call/w 3 9 "$dumpfile", "pu.vcd" {0 0 0};
    %vpi_call/w 3 10 "$dumpvars", 32'sb00000000000000000000000000000000, S_0x14994a3c0 {0 0 0};
    %pushi/vec4 1, 0, 1;
    %store/vec4 v0x149978190_0, 0, 1;
    %pushi/vec4 0, 0, 1;
    %store/vec4 v0x149978100_0, 0, 1;
    %delay 2000, 0;
    %pushi/vec4 0, 0, 1;
    %store/vec4 v0x149978190_0, 0, 1;
    %delay 300000, 0;
    %vpi_call/w 3 16 "$finish" {0 0 0};
    %end;
    .thread T_12;
# The file index is used to find the file name in the following table.
:file_names 13;
    "N/A";
    "<interactive>";
    "-";
    "test.v";
    "pu.v";
    "alu.v";
    "sel.v";
    "dec.v";
    "dmem.v";
    "imem.v";
    "lidx.v";
    "pc.v";
    "rega.v";
